<?xml version="1.0" encoding="UTF-8"?>
<testng-results skipped="0" failed="0" ignored="0" total="2" passed="2">
  <reporter-output>
  </reporter-output>
  <suite name="Suite" duration-ms="63" started-at="2021-10-28T20:55:11Z" finished-at="2021-10-28T20:55:11Z">
    <groups>
    </groups>
    <test name="Test" duration-ms="63" started-at="2021-10-28T20:55:11Z" finished-at="2021-10-28T20:55:11Z">
      <class name="DellPro.ReadFileTestNG">
        <test-method status="PASS" signature="testEmptyInputFile()[pri:0, instance:DellPro.ReadFileTestNG@9629756]" name="testEmptyInputFile" duration-ms="31" started-at="2021-10-28T20:55:11Z" finished-at="2021-10-28T20:55:11Z">
          <reporter-output>
          </reporter-output>
        </test-method> <!-- testEmptyInputFile -->
        <test-method status="PASS" signature="testFindBigWord()[pri:0, instance:DellPro.ReadFileTestNG@9629756]" name="testFindBigWord" duration-ms="0" started-at="2021-10-28T20:55:11Z" finished-at="2021-10-28T20:55:11Z">
          <reporter-output>
          </reporter-output>
        </test-method> <!-- testFindBigWord -->
      </class> <!-- DellPro.ReadFileTestNG -->
    </test> <!-- Test -->
  </suite> <!-- Suite -->
</testng-results>
